Header  {  A True Path Set  }

  Benchmark  {  case0  }

  Path  {  1  }

  A True Path List
  {
  ---------------------------------------------------------------------------
  Pin    type                                Incr        Path delay
  ---------------------------------------------------------------------------
  A[0] (in) ?0          0 f
  U8/B (NAND2) ?0          0 f
  U8/Y (NAND2) ?1          1 r
  U6/A (NOR2) ?0          1 r
  U6/Y (NOR2) ?1          2 f
  M[3] (out) ?0          2 f
  ---------------------------------------------------------------------------
  Data Required Time 	        10
  Data Arrival Time            5
  ---------------------------------------------------------------------------
  Slack            	         5
  }

  Input Vector
  {
    A[0]  =  f
    A[1]  =  1
    B[0]  =  1
    B[1]  =  1
  }

  Path  {  2  }

  A True Path List
  {
  ---------------------------------------------------------------------------
  Pin    type                                Incr        Path delay
  ---------------------------------------------------------------------------
  A[0] (in) ?0          0 f
  U15/B (NAND2) ?0          0 f
  U15/Y (NAND2) ?1          1 r
  U11/A (NOR2) ?0          1 r
  U11/Y (NOR2) ?1          2 f
  U3/A (NOT1) ?0          2 f
  U3/Y (NOT1) ?1          3 r
  U10/B (NAND2) ?0          3 r
  U10/Y (NAND2) ?1          4 f
  U9/B (NOR2) ?0          4 f
  U9/Y (NOR2) ?1          5 f
  M[2] (out) ?0          5 f
  ---------------------------------------------------------------------------
  Data Required Time 	        10
  Data Arrival Time            5
  ---------------------------------------------------------------------------
  Slack            	         5
  }

  Input Vector
  {
    A[0]  =  f
    A[1]  =  1
    B[0]  =  1
    B[1]  =  1
  }

  Path  {  3  }

  A True Path List
  {
  ---------------------------------------------------------------------------
  Pin    type                                Incr        Path delay
  ---------------------------------------------------------------------------
  A[0] (in) ?0          0 f
  U15/B (NAND2) ?0          0 f
  U15/Y (NAND2) ?1          1 r
  U13/A (NOR2) ?0          1 r
  U13/Y (NOR2) ?1          2 f
  U1/A (NOT1) ?0          2 f
  U1/Y (NOT1) ?1          3 r
  U12/B (NAND2) ?0          3 r
  U12/Y (NAND2) ?1          4 f
  M[1] (out) ?0          4 f
  ---------------------------------------------------------------------------
  Data Required Time 	        10
  Data Arrival Time            5
  ---------------------------------------------------------------------------
  Slack            	         5
  }

  Input Vector
  {
    A[0]  =  f
    A[1]  =  1
    B[0]  =  0
    B[1]  =  1
  }

  Path  {  4  }

  A True Path List
  {
  ---------------------------------------------------------------------------
  Pin    type                                Incr        Path delay
  ---------------------------------------------------------------------------
  A[0] (in) ?0          0 f
  U17/A (NAND2) ?0          0 f
  U17/Y (NAND2) ?1          1 r
  U4/A (NOT1) ?0          1 r
  U4/Y (NOT1) ?1          2 f
  M[0] (out) ?0          2 f
  ---------------------------------------------------------------------------
  Data Required Time 	        10
  Data Arrival Time            5
  ---------------------------------------------------------------------------
  Slack            	         5
  }

  Input Vector
  {
    A[0]  =  f
    A[1]  =  1
    B[0]  =  0
    B[1]  =  1
  }

  Path  {  5  }

  A True Path List
  {
  ---------------------------------------------------------------------------
  Pin    type                                Incr        Path delay
  ---------------------------------------------------------------------------
  A[0] (in) ?0          0 r
  U8/B (NAND2) ?0          0 r
  U8/Y (NAND2) ?1          1 r
  U6/A (NOR2) ?0          1 r
  U6/Y (NOR2) ?1          2 f
  M[3] (out) ?0          2 f
  ---------------------------------------------------------------------------
  Data Required Time 	        10
  Data Arrival Time            5
  ---------------------------------------------------------------------------
  Slack            	         5
  }

  Input Vector
  {
    A[0]  =  r
    A[1]  =  1
    B[0]  =  1
    B[1]  =  1
  }

  Path  {  6  }

  A True Path List
  {
  ---------------------------------------------------------------------------
  Pin    type                                Incr        Path delay
  ---------------------------------------------------------------------------
  A[0] (in) ?0          0 r
  U15/B (NAND2) ?0          0 r
  U15/Y (NAND2) ?1          1 r
  U11/A (NOR2) ?0          1 r
  U11/Y (NOR2) ?1          2 f
  U3/A (NOT1) ?0          2 f
  U3/Y (NOT1) ?1          3 r
  U10/B (NAND2) ?0          3 r
  U10/Y (NAND2) ?1          4 f
  U9/B (NOR2) ?0          4 f
  U9/Y (NOR2) ?1          5 f
  M[2] (out) ?0          5 f
  ---------------------------------------------------------------------------
  Data Required Time 	        10
  Data Arrival Time            5
  ---------------------------------------------------------------------------
  Slack            	         5
  }

  Input Vector
  {
    A[0]  =  r
    A[1]  =  1
    B[0]  =  1
    B[1]  =  1
  }

  Path  {  7  }

  A True Path List
  {
  ---------------------------------------------------------------------------
  Pin    type                                Incr        Path delay
  ---------------------------------------------------------------------------
  A[0] (in) ?0          0 r
  U15/B (NAND2) ?0          0 r
  U15/Y (NAND2) ?1          1 r
  U13/A (NOR2) ?0          1 r
  U13/Y (NOR2) ?1          2 f
  U1/A (NOT1) ?0          2 f
  U1/Y (NOT1) ?1          3 r
  U12/B (NAND2) ?0          3 r
  U12/Y (NAND2) ?1          4 f
  M[1] (out) ?0          4 f
  ---------------------------------------------------------------------------
  Data Required Time 	        10
  Data Arrival Time            5
  ---------------------------------------------------------------------------
  Slack            	         5
  }

  Input Vector
  {
    A[0]  =  r
    A[1]  =  1
    B[0]  =  0
    B[1]  =  1
  }

  Path  {  8  }

  A True Path List
  {
  ---------------------------------------------------------------------------
  Pin    type                                Incr        Path delay
  ---------------------------------------------------------------------------
  A[0] (in) ?0          0 r
  U17/A (NAND2) ?0          0 r
  U17/Y (NAND2) ?1          1 r
  U4/A (NOT1) ?0          1 r
  U4/Y (NOT1) ?1          2 f
  M[0] (out) ?0          2 f
  ---------------------------------------------------------------------------
  Data Required Time 	        10
  Data Arrival Time            5
  ---------------------------------------------------------------------------
  Slack            	         5
  }

  Input Vector
  {
    A[0]  =  r
    A[1]  =  1
    B[0]  =  1
    B[1]  =  1
  }

  Path  {  9  }

  A True Path List
  {
  ---------------------------------------------------------------------------
  Pin    type                                Incr        Path delay
  ---------------------------------------------------------------------------
  A[1] (in) ?0          0 f
  U8/A (NAND2) ?0          0 f
  U8/Y (NAND2) ?1          1 r
  U6/A (NOR2) ?0          1 r
  U6/Y (NOR2) ?1          2 f
  M[3] (out) ?0          2 f
  ---------------------------------------------------------------------------
  Data Required Time 	        10
  Data Arrival Time            5
  ---------------------------------------------------------------------------
  Slack            	         5
  }

  Input Vector
  {
    A[0]  =  1
    A[1]  =  f
    B[0]  =  1
    B[1]  =  1
  }

  Path  {  10  }

  A True Path List
  {
  ---------------------------------------------------------------------------
  Pin    type                                Incr        Path delay
  ---------------------------------------------------------------------------
  A[1] (in) ?0          0 f
  U10/A (NAND2) ?0          0 f
  U10/Y (NAND2) ?1          1 r
  U9/B (NOR2) ?0          1 r
  U9/Y (NOR2) ?1          2 f
  M[2] (out) ?0          2 f
  ---------------------------------------------------------------------------
  Data Required Time 	        10
  Data Arrival Time            5
  ---------------------------------------------------------------------------
  Slack            	         5
  }

  Input Vector
  {
    A[0]  =  1
    A[1]  =  f
    B[0]  =  1
    B[1]  =  1
  }

  Path  {  11  }

  A True Path List
  {
  ---------------------------------------------------------------------------
  Pin    type                                Incr        Path delay
  ---------------------------------------------------------------------------
  A[1] (in) ?0          0 f
  U16/B (NAND2) ?0          0 f
  U16/Y (NAND2) ?1          1 r
  U2/A (NOT1) ?0          1 r
  U2/Y (NOT1) ?1          2 f
  U13/B (NOR2) ?0          2 f
  U13/Y (NOR2) ?1          3 f
  U1/A (NOT1) ?0          3 f
  U1/Y (NOT1) ?1          4 r
  U12/B (NAND2) ?0          4 r
  U12/Y (NAND2) ?1          5 f
  M[1] (out) ?0          5 f
  ---------------------------------------------------------------------------
  Data Required Time 	        10
  Data Arrival Time            5
  ---------------------------------------------------------------------------
  Slack            	         5
  }

  Input Vector
  {
    A[0]  =  1
    A[1]  =  f
    B[0]  =  1
    B[1]  =  1
  }

  Path  {  12  }

  A True Path List
  {
  ---------------------------------------------------------------------------
  Pin    type                                Incr        Path delay
  ---------------------------------------------------------------------------
  A[1] (in) ?0          0 r
  U8/A (NAND2) ?0          0 r
  U8/Y (NAND2) ?1          1 r
  U6/A (NOR2) ?0          1 r
  U6/Y (NOR2) ?1          2 f
  M[3] (out) ?0          2 f
  ---------------------------------------------------------------------------
  Data Required Time 	        10
  Data Arrival Time            5
  ---------------------------------------------------------------------------
  Slack            	         5
  }

  Input Vector
  {
    A[0]  =  1
    A[1]  =  r
    B[0]  =  1
    B[1]  =  1
  }

  Path  {  13  }

  A True Path List
  {
  ---------------------------------------------------------------------------
  Pin    type                                Incr        Path delay
  ---------------------------------------------------------------------------
  A[1] (in) ?0          0 r
  U16/B (NAND2) ?0          0 r
  U16/Y (NAND2) ?1          1 r
  U2/A (NOT1) ?0          1 r
  U2/Y (NOT1) ?1          2 f
  U13/B (NOR2) ?0          2 f
  U13/Y (NOR2) ?1          3 f
  U1/A (NOT1) ?0          3 f
  U1/Y (NOT1) ?1          4 r
  U12/B (NAND2) ?0          4 r
  U12/Y (NAND2) ?1          5 f
  M[1] (out) ?0          5 f
  ---------------------------------------------------------------------------
  Data Required Time 	        10
  Data Arrival Time            5
  ---------------------------------------------------------------------------
  Slack            	         5
  }

  Input Vector
  {
    A[0]  =  1
    A[1]  =  r
    B[0]  =  1
    B[1]  =  1
  }

  Path  {  14  }

  A True Path List
  {
  ---------------------------------------------------------------------------
  Pin    type                                Incr        Path delay
  ---------------------------------------------------------------------------
  A[1] (in) ?0          0 r
  U16/B (NAND2) ?0          0 r
  U16/Y (NAND2) ?1          1 r
  U11/B (NOR2) ?0          1 r
  U11/Y (NOR2) ?1          2 f
  U3/A (NOT1) ?0          2 f
  U3/Y (NOT1) ?1          3 r
  U10/B (NAND2) ?0          3 r
  U10/Y (NAND2) ?1          4 r
  U9/B (NOR2) ?0          4 r
  U9/Y (NOR2) ?1          5 f
  M[2] (out) ?0          5 f
  ---------------------------------------------------------------------------
  Data Required Time 	        10
  Data Arrival Time            5
  ---------------------------------------------------------------------------
  Slack            	         5
  }

  Input Vector
  {
    A[0]  =  1
    A[1]  =  r
    B[0]  =  1
    B[1]  =  1
  }

  Path  {  15  }

  A True Path List
  {
  ---------------------------------------------------------------------------
  Pin    type                                Incr        Path delay
  ---------------------------------------------------------------------------
  B[0] (in) ?0          0 f
  U7/B (NAND2) ?0          0 f
  U7/Y (NAND2) ?1          1 r
  U6/B (NOR2) ?0          1 r
  U6/Y (NOR2) ?1          2 f
  M[3] (out) ?0          2 f
  ---------------------------------------------------------------------------
  Data Required Time 	        10
  Data Arrival Time            5
  ---------------------------------------------------------------------------
  Slack            	         5
  }

  Input Vector
  {
    A[0]  =  1
    A[1]  =  1
    B[0]  =  f
    B[1]  =  1
  }

  Path  {  16  }

  A True Path List
  {
  ---------------------------------------------------------------------------
  Pin    type                                Incr        Path delay
  ---------------------------------------------------------------------------
  B[0] (in) ?0          0 f
  U16/A (NAND2) ?0          0 f
  U16/Y (NAND2) ?1          1 r
  U2/A (NOT1) ?0          1 r
  U2/Y (NOT1) ?1          2 f
  U13/B (NOR2) ?0          2 f
  U13/Y (NOR2) ?1          3 f
  U1/A (NOT1) ?0          3 f
  U1/Y (NOT1) ?1          4 r
  U12/B (NAND2) ?0          4 r
  U12/Y (NAND2) ?1          5 f
  M[1] (out) ?0          5 f
  ---------------------------------------------------------------------------
  Data Required Time 	        10
  Data Arrival Time            5
  ---------------------------------------------------------------------------
  Slack            	         5
  }

  Input Vector
  {
    A[0]  =  1
    A[1]  =  1
    B[0]  =  f
    B[1]  =  1
  }

  Path  {  17  }

  A True Path List
  {
  ---------------------------------------------------------------------------
  Pin    type                                Incr        Path delay
  ---------------------------------------------------------------------------
  B[0] (in) ?0          0 f
  U16/A (NAND2) ?0          0 f
  U16/Y (NAND2) ?1          1 r
  U11/B (NOR2) ?0          1 r
  U11/Y (NOR2) ?1          2 f
  U3/A (NOT1) ?0          2 f
  U3/Y (NOT1) ?1          3 r
  U10/B (NAND2) ?0          3 r
  U10/Y (NAND2) ?1          4 r
  U9/B (NOR2) ?0          4 r
  U9/Y (NOR2) ?1          5 f
  M[2] (out) ?0          5 f
  ---------------------------------------------------------------------------
  Data Required Time 	        10
  Data Arrival Time            5
  ---------------------------------------------------------------------------
  Slack            	         5
  }

  Input Vector
  {
    A[0]  =  1
    A[1]  =  1
    B[0]  =  f
    B[1]  =  1
  }

  Path  {  18  }

  A True Path List
  {
  ---------------------------------------------------------------------------
  Pin    type                                Incr        Path delay
  ---------------------------------------------------------------------------
  B[0] (in) ?0          0 f
  U17/B (NAND2) ?0          0 f
  U17/Y (NAND2) ?1          1 r
  U4/A (NOT1) ?0          1 r
  U4/Y (NOT1) ?1          2 f
  M[0] (out) ?0          2 f
  ---------------------------------------------------------------------------
  Data Required Time 	        10
  Data Arrival Time            5
  ---------------------------------------------------------------------------
  Slack            	         5
  }

  Input Vector
  {
    A[0]  =  1
    A[1]  =  1
    B[0]  =  f
    B[1]  =  1
  }

  Path  {  19  }

  A True Path List
  {
  ---------------------------------------------------------------------------
  Pin    type                                Incr        Path delay
  ---------------------------------------------------------------------------
  B[0] (in) ?0          0 r
  U7/B (NAND2) ?0          0 r
  U7/Y (NAND2) ?1          1 r
  U6/B (NOR2) ?0          1 r
  U6/Y (NOR2) ?1          2 f
  M[3] (out) ?0          2 f
  ---------------------------------------------------------------------------
  Data Required Time 	        10
  Data Arrival Time            5
  ---------------------------------------------------------------------------
  Slack            	         5
  }

  Input Vector
  {
    A[0]  =  1
    A[1]  =  1
    B[0]  =  r
    B[1]  =  1
  }

  Path  {  20  }

  A True Path List
  {
  ---------------------------------------------------------------------------
  Pin    type                                Incr        Path delay
  ---------------------------------------------------------------------------
  B[0] (in) ?0          0 r
  U16/A (NAND2) ?0          0 r
  U16/Y (NAND2) ?1          1 r
  U2/A (NOT1) ?0          1 r
  U2/Y (NOT1) ?1          2 f
  U13/B (NOR2) ?0          2 f
  U13/Y (NOR2) ?1          3 f
  U1/A (NOT1) ?0          3 f
  U1/Y (NOT1) ?1          4 r
  U12/B (NAND2) ?0          4 r
  U12/Y (NAND2) ?1          5 f
  M[1] (out) ?0          5 f
  ---------------------------------------------------------------------------
  Data Required Time 	        10
  Data Arrival Time            5
  ---------------------------------------------------------------------------
  Slack            	         5
  }

  Input Vector
  {
    A[0]  =  1
    A[1]  =  1
    B[0]  =  r
    B[1]  =  1
  }

  Path  {  21  }

  A True Path List
  {
  ---------------------------------------------------------------------------
  Pin    type                                Incr        Path delay
  ---------------------------------------------------------------------------
  B[0] (in) ?0          0 r
  U16/A (NAND2) ?0          0 r
  U16/Y (NAND2) ?1          1 r
  U11/B (NOR2) ?0          1 r
  U11/Y (NOR2) ?1          2 f
  U3/A (NOT1) ?0          2 f
  U3/Y (NOT1) ?1          3 r
  U10/B (NAND2) ?0          3 r
  U10/Y (NAND2) ?1          4 r
  U9/B (NOR2) ?0          4 r
  U9/Y (NOR2) ?1          5 f
  M[2] (out) ?0          5 f
  ---------------------------------------------------------------------------
  Data Required Time 	        10
  Data Arrival Time            5
  ---------------------------------------------------------------------------
  Slack            	         5
  }

  Input Vector
  {
    A[0]  =  1
    A[1]  =  1
    B[0]  =  r
    B[1]  =  1
  }

  Path  {  22  }

  A True Path List
  {
  ---------------------------------------------------------------------------
  Pin    type                                Incr        Path delay
  ---------------------------------------------------------------------------
  B[0] (in) ?0          0 r
  U17/B (NAND2) ?0          0 r
  U17/Y (NAND2) ?1          1 r
  U4/A (NOT1) ?0          1 r
  U4/Y (NOT1) ?1          2 f
  M[0] (out) ?0          2 f
  ---------------------------------------------------------------------------
  Data Required Time 	        10
  Data Arrival Time            5
  ---------------------------------------------------------------------------
  Slack            	         5
  }

  Input Vector
  {
    A[0]  =  1
    A[1]  =  1
    B[0]  =  r
    B[1]  =  1
  }

  Path  {  23  }

  A True Path List
  {
  ---------------------------------------------------------------------------
  Pin    type                                Incr        Path delay
  ---------------------------------------------------------------------------
  B[1] (in) ?0          0 f
  U5/A (NOT1) ?0          0 f
  U5/Y (NOT1) ?1          1 r
  U9/A (NOR2) ?0          1 r
  U9/Y (NOR2) ?1          2 f
  M[2] (out) ?0          2 f
  ---------------------------------------------------------------------------
  Data Required Time 	        10
  Data Arrival Time            5
  ---------------------------------------------------------------------------
  Slack            	         5
  }

  Input Vector
  {
    A[0]  =  1
    A[1]  =  1
    B[0]  =  1
    B[1]  =  f
  }

  Path  {  24  }

  A True Path List
  {
  ---------------------------------------------------------------------------
  Pin    type                                Incr        Path delay
  ---------------------------------------------------------------------------
  B[1] (in) ?0          0 f
  U7/A (NAND2) ?0          0 f
  U7/Y (NAND2) ?1          1 r
  U6/B (NOR2) ?0          1 r
  U6/Y (NOR2) ?1          2 f
  M[3] (out) ?0          2 f
  ---------------------------------------------------------------------------
  Data Required Time 	        10
  Data Arrival Time            5
  ---------------------------------------------------------------------------
  Slack            	         5
  }

  Input Vector
  {
    A[0]  =  1
    A[1]  =  1
    B[0]  =  1
    B[1]  =  f
  }

  Path  {  25  }

  A True Path List
  {
  ---------------------------------------------------------------------------
  Pin    type                                Incr        Path delay
  ---------------------------------------------------------------------------
  B[1] (in) ?0          0 f
  U15/A (NAND2) ?0          0 f
  U15/Y (NAND2) ?1          1 r
  U11/A (NOR2) ?0          1 r
  U11/Y (NOR2) ?1          2 f
  U3/A (NOT1) ?0          2 f
  U3/Y (NOT1) ?1          3 r
  U10/B (NAND2) ?0          3 r
  U10/Y (NAND2) ?1          4 r
  U9/B (NOR2) ?0          4 r
  U9/Y (NOR2) ?1          5 f
  M[2] (out) ?0          5 f
  ---------------------------------------------------------------------------
  Data Required Time 	        10
  Data Arrival Time            5
  ---------------------------------------------------------------------------
  Slack            	         5
  }

  Input Vector
  {
    A[0]  =  1
    A[1]  =  1
    B[0]  =  1
    B[1]  =  f
  }

  Path  {  26  }

  A True Path List
  {
  ---------------------------------------------------------------------------
  Pin    type                                Incr        Path delay
  ---------------------------------------------------------------------------
  B[1] (in) ?0          0 f
  U15/A (NAND2) ?0          0 f
  U15/Y (NAND2) ?1          1 r
  U13/A (NOR2) ?0          1 r
  U13/Y (NOR2) ?1          2 f
  U1/A (NOT1) ?0          2 f
  U1/Y (NOT1) ?1          3 r
  U12/B (NAND2) ?0          3 r
  U12/Y (NAND2) ?1          4 f
  M[1] (out) ?0          4 f
  ---------------------------------------------------------------------------
  Data Required Time 	        10
  Data Arrival Time            5
  ---------------------------------------------------------------------------
  Slack            	         5
  }

  Input Vector
  {
    A[0]  =  1
    A[1]  =  1
    B[0]  =  0
    B[1]  =  f
  }

  Path  {  27  }

  A True Path List
  {
  ---------------------------------------------------------------------------
  Pin    type                                Incr        Path delay
  ---------------------------------------------------------------------------
  B[1] (in) ?0          0 r
  U7/A (NAND2) ?0          0 r
  U7/Y (NAND2) ?1          1 r
  U6/B (NOR2) ?0          1 r
  U6/Y (NOR2) ?1          2 f
  M[3] (out) ?0          2 f
  ---------------------------------------------------------------------------
  Data Required Time 	        10
  Data Arrival Time            5
  ---------------------------------------------------------------------------
  Slack            	         5
  }

  Input Vector
  {
    A[0]  =  1
    A[1]  =  1
    B[0]  =  1
    B[1]  =  r
  }

  Path  {  28  }

  A True Path List
  {
  ---------------------------------------------------------------------------
  Pin    type                                Incr        Path delay
  ---------------------------------------------------------------------------
  B[1] (in) ?0          0 r
  U15/A (NAND2) ?0          0 r
  U15/Y (NAND2) ?1          1 r
  U11/A (NOR2) ?0          1 r
  U11/Y (NOR2) ?1          2 f
  U3/A (NOT1) ?0          2 f
  U3/Y (NOT1) ?1          3 r
  U10/B (NAND2) ?0          3 r
  U10/Y (NAND2) ?1          4 r
  U9/B (NOR2) ?0          4 r
  U9/Y (NOR2) ?1          5 f
  M[2] (out) ?0          5 f
  ---------------------------------------------------------------------------
  Data Required Time 	        10
  Data Arrival Time            5
  ---------------------------------------------------------------------------
  Slack            	         5
  }

  Input Vector
  {
    A[0]  =  1
    A[1]  =  1
    B[0]  =  1
    B[1]  =  r
  }

  Path  {  29  }

  A True Path List
  {
  ---------------------------------------------------------------------------
  Pin    type                                Incr        Path delay
  ---------------------------------------------------------------------------
  B[1] (in) ?0          0 r
  U15/A (NAND2) ?0          0 r
  U15/Y (NAND2) ?1          1 r
  U13/A (NOR2) ?0          1 r
  U13/Y (NOR2) ?1          2 f
  U1/A (NOT1) ?0          2 f
  U1/Y (NOT1) ?1          3 r
  U12/B (NAND2) ?0          3 r
  U12/Y (NAND2) ?1          4 f
  M[1] (out) ?0          4 f
  ---------------------------------------------------------------------------
  Data Required Time 	        10
  Data Arrival Time            5
  ---------------------------------------------------------------------------
  Slack            	         5
  }

  Input Vector
  {
    A[0]  =  1
    A[1]  =  1
    B[0]  =  0
    B[1]  =  r
  }

